<?xml version="1.0" encoding="UTF-8"?>
<robot generator="Robot 4.0.3 (Python 3.9.6 on win32)" generated="20210713 20:54:30.373" rpa="false" schemaversion="2">
<suite id="s1" name="Variavel" source="C:\Users\koliveira\treinamentoSIS-Git\variavel.robot">
<test id="s1-t1" name="Imprimindo varible do tipo dicionario">
<kw name="Log To Console" library="BuiltIn">
<arg>${NOME}</arg>
<doc>Logs the given message to the console.</doc>
<status status="PASS" starttime="20210713 20:54:30.399" endtime="20210713 20:54:30.401"/>
</kw>
<kw name="Log To Console" library="BuiltIn">
<arg>${NOME.Nome}</arg>
<doc>Logs the given message to the console.</doc>
<status status="PASS" starttime="20210713 20:54:30.402" endtime="20210713 20:54:30.403"/>
</kw>
<kw name="Log To Console" library="BuiltIn">
<arg>${NOME.Sobrenome}</arg>
<doc>Logs the given message to the console.</doc>
<status status="PASS" starttime="20210713 20:54:30.403" endtime="20210713 20:54:30.404"/>
</kw>
<kw name="Log To Console" library="BuiltIn">
<arg>${NOME.Idade}</arg>
<doc>Logs the given message to the console.</doc>
<status status="PASS" starttime="20210713 20:54:30.405" endtime="20210713 20:54:30.406"/>
</kw>
<kw name="Log To Console" library="BuiltIn">
<arg>${NOME.Estado_Civil}</arg>
<doc>Logs the given message to the console.</doc>
<status status="PASS" starttime="20210713 20:54:30.407" endtime="20210713 20:54:30.408"/>
</kw>
<kw name="Log To Console" library="BuiltIn">
<arg>${NOME.Nascimento}</arg>
<doc>Logs the given message to the console.</doc>
<status status="PASS" starttime="20210713 20:54:30.408" endtime="20210713 20:54:30.409"/>
</kw>
<kw name="Log To Console" library="BuiltIn">
<arg>${NOME.Sexo}</arg>
<doc>Logs the given message to the console.</doc>
<status status="PASS" starttime="20210713 20:54:30.409" endtime="20210713 20:54:30.410"/>
</kw>
<kw name="Log To Console" library="BuiltIn">
<arg>${NOME.Nacionalidade}</arg>
<doc>Logs the given message to the console.</doc>
<status status="PASS" starttime="20210713 20:54:30.411" endtime="20210713 20:54:30.412"/>
</kw>
<status status="PASS" starttime="20210713 20:54:30.398" endtime="20210713 20:54:30.412"/>
</test>
<test id="s1-t2" name="Imprimindo lista de Celulares">
<kw name="Log To Console" library="BuiltIn">
<arg>${Celulares}</arg>
<doc>Logs the given message to the console.</doc>
<status status="PASS" starttime="20210713 20:54:30.414" endtime="20210713 20:54:30.414"/>
</kw>
<kw name="Log To Console" library="BuiltIn">
<arg>${Celulares.0}</arg>
<doc>Logs the given message to the console.</doc>
<msg timestamp="20210713 20:54:30.416" level="FAIL">Resolving variable '${Celulares.0}' failed: SyntaxError: unexpected EOF while parsing (&lt;string&gt;, line 1)</msg>
<status status="FAIL" starttime="20210713 20:54:30.415" endtime="20210713 20:54:30.417"/>
</kw>
<kw name="Log To Console" library="BuiltIn">
<arg>${Celulares.1}</arg>
<doc>Logs the given message to the console.</doc>
<status status="NOT RUN" starttime="20210713 20:54:30.417" endtime="20210713 20:54:30.417"/>
</kw>
<kw name="Log To Console" library="BuiltIn">
<arg>${Celulares.2}</arg>
<doc>Logs the given message to the console.</doc>
<status status="NOT RUN" starttime="20210713 20:54:30.418" endtime="20210713 20:54:30.418"/>
</kw>
<kw name="Log To Console" library="BuiltIn">
<arg>${Celulares.3}</arg>
<doc>Logs the given message to the console.</doc>
<status status="NOT RUN" starttime="20210713 20:54:30.418" endtime="20210713 20:54:30.418"/>
</kw>
<kw name="Log To Console" library="BuiltIn">
<arg>${Celulares.4}</arg>
<doc>Logs the given message to the console.</doc>
<status status="NOT RUN" starttime="20210713 20:54:30.418" endtime="20210713 20:54:30.418"/>
</kw>
<status status="FAIL" starttime="20210713 20:54:30.413" endtime="20210713 20:54:30.418">Resolving variable '${Celulares.0}' failed: SyntaxError: unexpected EOF while parsing (&lt;string&gt;, line 1)</status>
</test>
<status status="FAIL" starttime="20210713 20:54:30.374" endtime="20210713 20:54:30.419"/>
</suite>
<statistics>
<total>
<stat pass="1" fail="1" skip="0">All Tests</stat>
</total>
<tag>
</tag>
<suite>
<stat pass="1" fail="1" skip="0" id="s1" name="Variavel">Variavel</stat>
</suite>
</statistics>
<errors>
</errors>
</robot>
